<?xml version="1.0" encoding="UTF-8"?>
<!-- Generated by org.testng.reporters.JUnitReportReporter -->
<testsuite skipped="0" hostname="user-PC" name="Test_Scenarios.test.Scenario2" tests="1" failures="0" timestamp="2019-09-16T15:24:12 IST" time="6.042" errors="0">
  <testcase name="test_Search_Country" time="6.042" classname="Test_Scenarios.test.Scenario2"/>
</testsuite> <!-- Test_Scenarios.test.Scenario2 -->
