<?xml version="1.0" encoding="UTF-8"?>
<!-- Generated by org.testng.reporters.JUnitReportReporter -->
<testsuite skipped="0" hostname="user-PC" name="Test_Scenarios.test.Scenario4" tests="1" failures="0" timestamp="2019-09-18T17:39:52 IST" time="9.110" errors="0">
  <testcase name="Search_Anna_University" time="9.110" classname="Test_Scenarios.test.Scenario4"/>
</testsuite> <!-- Test_Scenarios.test.Scenario4 -->
