<?xml version="1.0" encoding="UTF-8"?>
<!-- Generated by org.testng.reporters.JUnitReportReporter -->
<testsuite skipped="0" hostname="user-PC" name="Test_Scenarios.test.NewTest" tests="1" failures="0" timestamp="2019-09-14T20:09:52 IST" time="0.053" errors="0">
  <testcase name="test" time="0.053" classname="Test_Scenarios.test.NewTest"/>
</testsuite> <!-- Test_Scenarios.test.NewTest -->
