<?xml version="1.0" encoding="UTF-8"?>
<!-- Generated by org.testng.reporters.JUnitReportReporter -->
<testsuite skipped="0" hostname="user-PC" name="sample.NewTest" tests="1" failures="0" timestamp="2019-09-13T20:45:52 IST" time="0.020" errors="0">
  <testcase name="f" time="0.020" classname="sample.NewTest"/>
</testsuite> <!-- sample.NewTest -->
