<?xml version="1.0" encoding="UTF-8"?>
<!-- Generated by org.testng.reporters.JUnitReportReporter -->
<testsuite skipped="0" hostname="user-PC" name="Test_Scenarios.test.Scenario3" tests="1" failures="0" timestamp="2019-09-18T16:00:54 IST" time="9.075" errors="0">
  <testcase name="Search_Anna_University" time="9.075" classname="Test_Scenarios.test.Scenario3"/>
</testsuite> <!-- Test_Scenarios.test.Scenario3 -->
